1.72
18
0, 0, 1, 0, 0, 2500, inParm1.txt
1, 0, 1, 0, 0, 6500, inParm2.txt
2, 0, 1, 0, 0, 10000, inParm3.txt
3, 0, 1, 5, 0, 2500, inParm4.txt
3, 0, 1, 5, 1, 2500, inParm4_low_brightness.txt
4, 0, 1, 5, 0, 6500, inParm5.txt
4, 0, 1, 5, 1, 6500, inParm5_low_brightness.txt
5, 0, 1, 5, 0, 10000, inParm6.txt
5, 0, 1, 5, 1, 10000, inParm6_low_brightness.txt
6, 2, 0, 5, 0, 2500, inParm7.txt
6, 2, 0, 5, 1, 2500, inParm7_low_brightness.txt
7, 2, 0, 5, 0, 6500, inParm8.txt
7, 2, 0, 5, 1, 6500, inParm8_low_brightness.txt
8, 2, 0, 5, 0, 10000, inParm9.txt
8, 2, 0, 5, 1, 10000, inParm9_low_brightness.txt
9, 2, 0, 0, 0, 430, inParm10.txt
10, 2, 0, 0, 0, 1000, inParm11.txt
11, 2, 0, 0, 0, 4000, inParm12.txt
12, 2, 0, 5, 0, 2500, inParm13.txt
12, 2, 0, 5, 1, 2500, inParm13_low_brightness.txt
13, 2, 0, 5, 0, 6500, inParm14.txt
13, 2, 0, 5, 1, 6500, inParm14_low_brightness.txt
14, 2, 0, 5, 0, 10000, inParm15.txt
14, 2, 0, 5, 1, 10000, inParm15_low_brightness.txt
15, 0, 1, 5, 0, 2500, inParm16.txt
15, 0, 1, 5, 1, 2500, inParm16_low_brightness.txt
16, 0, 1, 5, 0, 6500, inParm17.txt
16, 0, 1, 5, 1, 6500, inParm17_low_brightness.txt
17, 0, 1, 5, 0, 10000, inParm18.txt
17, 0, 1, 5, 1, 10000, inParm18_low_brightness.txt
